mode: set
github.com/mchineboy/ecr-cleanup/main.go:44.26,58.2 6 1
github.com/mchineboy/ecr-cleanup/main.go:61.53,67.16 4 0
github.com/mchineboy/ecr-cleanup/main.go:67.16,69.3 1 0
github.com/mchineboy/ecr-cleanup/main.go:72.2,76.16 3 0
github.com/mchineboy/ecr-cleanup/main.go:76.16,78.3 1 0
github.com/mchineboy/ecr-cleanup/main.go:80.2,85.29 3 0
github.com/mchineboy/ecr-cleanup/main.go:85.29,87.17 2 0
github.com/mchineboy/ecr-cleanup/main.go:87.17,89.12 2 0
github.com/mchineboy/ecr-cleanup/main.go:92.3,93.47 2 0
github.com/mchineboy/ecr-cleanup/main.go:96.2,96.21 1 0
github.com/mchineboy/ecr-cleanup/main.go:100.76,102.18 2 1
github.com/mchineboy/ecr-cleanup/main.go:102.18,104.3 1 1
github.com/mchineboy/ecr-cleanup/main.go:106.2,106.53 1 1
github.com/mchineboy/ecr-cleanup/main.go:110.89,114.6 3 1
github.com/mchineboy/ecr-cleanup/main.go:114.6,118.17 2 1
github.com/mchineboy/ecr-cleanup/main.go:118.17,120.4 1 1
github.com/mchineboy/ecr-cleanup/main.go:122.3,125.23 3 1
github.com/mchineboy/ecr-cleanup/main.go:125.23,126.9 1 1
github.com/mchineboy/ecr-cleanup/main.go:130.2,130.26 1 1
github.com/mchineboy/ecr-cleanup/main.go:134.116,140.16 4 1
github.com/mchineboy/ecr-cleanup/main.go:140.16,142.3 1 1
github.com/mchineboy/ecr-cleanup/main.go:144.2,149.24 3 1
github.com/mchineboy/ecr-cleanup/main.go:149.24,152.3 2 1
github.com/mchineboy/ecr-cleanup/main.go:154.2,157.31 2 1
github.com/mchineboy/ecr-cleanup/main.go:157.31,158.34 1 1
github.com/mchineboy/ecr-cleanup/main.go:158.34,160.4 1 1
github.com/mchineboy/ecr-cleanup/main.go:163.2,166.16 2 1
github.com/mchineboy/ecr-cleanup/main.go:166.16,167.32 1 1
github.com/mchineboy/ecr-cleanup/main.go:167.32,169.32 2 1
github.com/mchineboy/ecr-cleanup/main.go:169.32,171.5 1 1
github.com/mchineboy/ecr-cleanup/main.go:173.4,174.35 2 1
github.com/mchineboy/ecr-cleanup/main.go:174.35,176.5 1 1
github.com/mchineboy/ecr-cleanup/main.go:178.4,179.54 1 1
github.com/mchineboy/ecr-cleanup/main.go:181.3,181.26 1 1
github.com/mchineboy/ecr-cleanup/main.go:185.2,186.16 2 1
github.com/mchineboy/ecr-cleanup/main.go:186.16,188.3 1 1
github.com/mchineboy/ecr-cleanup/main.go:190.2,190.25 1 1
github.com/mchineboy/ecr-cleanup/main.go:194.107,198.6 3 1
github.com/mchineboy/ecr-cleanup/main.go:198.6,204.17 2 1
github.com/mchineboy/ecr-cleanup/main.go:204.17,206.4 1 1
github.com/mchineboy/ecr-cleanup/main.go:209.3,209.33 1 1
github.com/mchineboy/ecr-cleanup/main.go:209.33,214.18 2 1
github.com/mchineboy/ecr-cleanup/main.go:214.18,216.5 1 1
github.com/mchineboy/ecr-cleanup/main.go:218.4,218.53 1 1
github.com/mchineboy/ecr-cleanup/main.go:221.3,222.23 2 1
github.com/mchineboy/ecr-cleanup/main.go:222.23,223.9 1 1
github.com/mchineboy/ecr-cleanup/main.go:227.2,227.20 1 1
github.com/mchineboy/ecr-cleanup/main.go:231.90,240.23 5 1
github.com/mchineboy/ecr-cleanup/main.go:240.23,242.30 2 1
github.com/mchineboy/ecr-cleanup/main.go:242.30,244.4 1 0
github.com/mchineboy/ecr-cleanup/main.go:247.2,247.29 1 1
github.com/mchineboy/ecr-cleanup/main.go:247.29,249.20 1 1
github.com/mchineboy/ecr-cleanup/main.go:249.20,250.12 1 1
github.com/mchineboy/ecr-cleanup/main.go:254.3,254.71 1 1
github.com/mchineboy/ecr-cleanup/main.go:254.71,256.4 1 1
github.com/mchineboy/ecr-cleanup/main.go:259.2,259.17 1 1
github.com/mchineboy/ecr-cleanup/main.go:263.57,265.41 1 1
github.com/mchineboy/ecr-cleanup/main.go:265.41,267.37 1 1
github.com/mchineboy/ecr-cleanup/main.go:267.37,269.4 1 1
github.com/mchineboy/ecr-cleanup/main.go:270.3,270.37 1 1
github.com/mchineboy/ecr-cleanup/main.go:270.37,272.4 1 1
github.com/mchineboy/ecr-cleanup/main.go:274.3,274.65 1 1
github.com/mchineboy/ecr-cleanup/main.go:279.48,280.28 1 1
github.com/mchineboy/ecr-cleanup/main.go:280.28,282.3 1 1
github.com/mchineboy/ecr-cleanup/main.go:284.2,284.25 1 1
github.com/mchineboy/ecr-cleanup/main.go:288.109,292.46 2 1
github.com/mchineboy/ecr-cleanup/main.go:292.46,294.24 2 1
github.com/mchineboy/ecr-cleanup/main.go:294.24,296.4 1 1
github.com/mchineboy/ecr-cleanup/main.go:298.3,301.29 3 1
github.com/mchineboy/ecr-cleanup/main.go:301.29,303.30 1 1
github.com/mchineboy/ecr-cleanup/main.go:303.30,307.5 1 1
github.com/mchineboy/ecr-cleanup/main.go:307.10,311.5 1 1
github.com/mchineboy/ecr-cleanup/main.go:314.3,318.17 2 1
github.com/mchineboy/ecr-cleanup/main.go:318.17,320.4 1 1
github.com/mchineboy/ecr-cleanup/main.go:322.3,325.31 2 1
github.com/mchineboy/ecr-cleanup/main.go:325.31,326.44 1 1
github.com/mchineboy/ecr-cleanup/main.go:326.44,331.5 1 1
github.com/mchineboy/ecr-cleanup/main.go:335.2,335.12 1 1
github.com/mchineboy/ecr-cleanup/main.go:339.57,340.15 1 1
github.com/mchineboy/ecr-cleanup/main.go:340.15,342.3 1 1
github.com/mchineboy/ecr-cleanup/main.go:343.2,343.24 1 1
github.com/mchineboy/ecr-cleanup/main.go:343.24,345.3 1 1
github.com/mchineboy/ecr-cleanup/main.go:346.2,346.27 1 1
github.com/mchineboy/ecr-cleanup/main.go:346.27,348.3 1 1
github.com/mchineboy/ecr-cleanup/main.go:349.2,349.18 1 1
github.com/mchineboy/ecr-cleanup/main_wrapper.go:14.35,17.15 2 0
github.com/mchineboy/ecr-cleanup/main_wrapper.go:17.15,17.41 1 0
github.com/mchineboy/ecr-cleanup/main_wrapper.go:20.2,27.16 4 0
github.com/mchineboy/ecr-cleanup/main_wrapper.go:27.16,30.3 2 0
github.com/mchineboy/ecr-cleanup/main_wrapper.go:33.2,36.28 4 0
github.com/mchineboy/ecr-cleanup/main_wrapper.go:36.28,38.3 1 0
github.com/mchineboy/ecr-cleanup/main_wrapper.go:40.2,40.19 1 0
github.com/mchineboy/ecr-cleanup/main_wrapper.go:40.19,42.3 1 0
github.com/mchineboy/ecr-cleanup/main_wrapper.go:44.2,44.10 1 0
github.com/mchineboy/ecr-cleanup/main_wrapper.go:48.63,51.15 2 0
github.com/mchineboy/ecr-cleanup/main_wrapper.go:51.15,51.41 1 0
github.com/mchineboy/ecr-cleanup/main_wrapper.go:54.2,62.16 5 0
github.com/mchineboy/ecr-cleanup/main_wrapper.go:62.16,65.3 2 0
github.com/mchineboy/ecr-cleanup/main_wrapper.go:68.2,71.28 4 0
github.com/mchineboy/ecr-cleanup/main_wrapper.go:71.28,73.3 1 0
github.com/mchineboy/ecr-cleanup/main_wrapper.go:75.2,75.19 1 0
github.com/mchineboy/ecr-cleanup/main_wrapper.go:75.19,77.3 1 0
github.com/mchineboy/ecr-cleanup/main_wrapper.go:79.2,79.10 1 0
github.com/mchineboy/ecr-cleanup/main_wrapper.go:83.13,85.19 2 0
github.com/mchineboy/ecr-cleanup/main_wrapper.go:85.19,87.3 1 0
github.com/mchineboy/ecr-cleanup/main_wrapper.go:91.99,96.16 3 1
github.com/mchineboy/ecr-cleanup/main_wrapper.go:96.16,98.3 1 1
github.com/mchineboy/ecr-cleanup/main_wrapper.go:100.2,103.29 2 1
github.com/mchineboy/ecr-cleanup/main_wrapper.go:103.29,105.17 2 1
github.com/mchineboy/ecr-cleanup/main_wrapper.go:105.17,107.12 2 1
github.com/mchineboy/ecr-cleanup/main_wrapper.go:110.3,111.47 2 1
github.com/mchineboy/ecr-cleanup/main_wrapper.go:114.2,114.21 1 1
