mode: set
github.com/mchineboy/ecr-cleanup/main.go:42.13,47.16 3 0
github.com/mchineboy/ecr-cleanup/main.go:47.16,49.3 1 0
github.com/mchineboy/ecr-cleanup/main.go:52.2,55.28 4 0
github.com/mchineboy/ecr-cleanup/main.go:55.28,57.3 1 0
github.com/mchineboy/ecr-cleanup/main.go:59.2,59.19 1 0
github.com/mchineboy/ecr-cleanup/main.go:59.19,61.3 1 0
github.com/mchineboy/ecr-cleanup/main.go:65.26,79.2 6 0
github.com/mchineboy/ecr-cleanup/main.go:82.53,88.16 4 0
github.com/mchineboy/ecr-cleanup/main.go:88.16,90.3 1 0
github.com/mchineboy/ecr-cleanup/main.go:93.2,97.16 3 0
github.com/mchineboy/ecr-cleanup/main.go:97.16,99.3 1 0
github.com/mchineboy/ecr-cleanup/main.go:101.2,106.29 3 0
github.com/mchineboy/ecr-cleanup/main.go:106.29,108.17 2 0
github.com/mchineboy/ecr-cleanup/main.go:108.17,110.12 2 0
github.com/mchineboy/ecr-cleanup/main.go:113.3,114.47 2 0
github.com/mchineboy/ecr-cleanup/main.go:117.2,117.21 1 0
github.com/mchineboy/ecr-cleanup/main.go:121.76,123.18 2 0
github.com/mchineboy/ecr-cleanup/main.go:123.18,125.3 1 0
github.com/mchineboy/ecr-cleanup/main.go:127.2,127.53 1 0
github.com/mchineboy/ecr-cleanup/main.go:131.89,135.6 3 1
github.com/mchineboy/ecr-cleanup/main.go:135.6,139.17 2 1
github.com/mchineboy/ecr-cleanup/main.go:139.17,141.4 1 0
github.com/mchineboy/ecr-cleanup/main.go:143.3,146.23 3 1
github.com/mchineboy/ecr-cleanup/main.go:146.23,147.9 1 1
github.com/mchineboy/ecr-cleanup/main.go:151.2,151.26 1 1
github.com/mchineboy/ecr-cleanup/main.go:155.116,161.16 4 1
github.com/mchineboy/ecr-cleanup/main.go:161.16,163.3 1 0
github.com/mchineboy/ecr-cleanup/main.go:165.2,170.24 3 1
github.com/mchineboy/ecr-cleanup/main.go:170.24,173.3 2 1
github.com/mchineboy/ecr-cleanup/main.go:175.2,178.31 2 1
github.com/mchineboy/ecr-cleanup/main.go:178.31,179.34 1 1
github.com/mchineboy/ecr-cleanup/main.go:179.34,181.4 1 1
github.com/mchineboy/ecr-cleanup/main.go:184.2,187.16 2 1
github.com/mchineboy/ecr-cleanup/main.go:187.16,188.32 1 1
github.com/mchineboy/ecr-cleanup/main.go:188.32,190.32 2 1
github.com/mchineboy/ecr-cleanup/main.go:190.32,192.5 1 1
github.com/mchineboy/ecr-cleanup/main.go:194.4,195.35 2 1
github.com/mchineboy/ecr-cleanup/main.go:195.35,197.5 1 1
github.com/mchineboy/ecr-cleanup/main.go:199.4,200.54 1 1
github.com/mchineboy/ecr-cleanup/main.go:202.3,202.26 1 1
github.com/mchineboy/ecr-cleanup/main.go:206.2,207.16 2 1
github.com/mchineboy/ecr-cleanup/main.go:207.16,209.3 1 0
github.com/mchineboy/ecr-cleanup/main.go:211.2,211.25 1 1
github.com/mchineboy/ecr-cleanup/main.go:215.107,219.6 3 1
github.com/mchineboy/ecr-cleanup/main.go:219.6,225.17 2 1
github.com/mchineboy/ecr-cleanup/main.go:225.17,227.4 1 0
github.com/mchineboy/ecr-cleanup/main.go:230.3,230.33 1 1
github.com/mchineboy/ecr-cleanup/main.go:230.33,235.18 2 1
github.com/mchineboy/ecr-cleanup/main.go:235.18,237.5 1 0
github.com/mchineboy/ecr-cleanup/main.go:239.4,239.53 1 1
github.com/mchineboy/ecr-cleanup/main.go:242.3,243.23 2 1
github.com/mchineboy/ecr-cleanup/main.go:243.23,244.9 1 1
github.com/mchineboy/ecr-cleanup/main.go:248.2,248.20 1 1
github.com/mchineboy/ecr-cleanup/main.go:252.90,261.23 5 1
github.com/mchineboy/ecr-cleanup/main.go:261.23,263.30 2 1
github.com/mchineboy/ecr-cleanup/main.go:263.30,265.4 1 0
github.com/mchineboy/ecr-cleanup/main.go:268.2,268.29 1 1
github.com/mchineboy/ecr-cleanup/main.go:268.29,270.20 1 1
github.com/mchineboy/ecr-cleanup/main.go:270.20,271.12 1 1
github.com/mchineboy/ecr-cleanup/main.go:275.3,275.71 1 1
github.com/mchineboy/ecr-cleanup/main.go:275.71,277.4 1 1
github.com/mchineboy/ecr-cleanup/main.go:280.2,280.17 1 1
github.com/mchineboy/ecr-cleanup/main.go:284.57,286.41 1 1
github.com/mchineboy/ecr-cleanup/main.go:286.41,288.37 1 1
github.com/mchineboy/ecr-cleanup/main.go:288.37,290.4 1 0
github.com/mchineboy/ecr-cleanup/main.go:291.3,291.37 1 1
github.com/mchineboy/ecr-cleanup/main.go:291.37,293.4 1 0
github.com/mchineboy/ecr-cleanup/main.go:295.3,295.65 1 1
github.com/mchineboy/ecr-cleanup/main.go:300.48,301.28 1 1
github.com/mchineboy/ecr-cleanup/main.go:301.28,303.3 1 1
github.com/mchineboy/ecr-cleanup/main.go:305.2,305.25 1 1
github.com/mchineboy/ecr-cleanup/main.go:309.109,313.46 2 1
github.com/mchineboy/ecr-cleanup/main.go:313.46,315.24 2 1
github.com/mchineboy/ecr-cleanup/main.go:315.24,317.4 1 1
github.com/mchineboy/ecr-cleanup/main.go:319.3,322.29 3 1
github.com/mchineboy/ecr-cleanup/main.go:322.29,324.30 1 1
github.com/mchineboy/ecr-cleanup/main.go:324.30,328.5 1 1
github.com/mchineboy/ecr-cleanup/main.go:328.10,332.5 1 1
github.com/mchineboy/ecr-cleanup/main.go:335.3,339.17 2 1
github.com/mchineboy/ecr-cleanup/main.go:339.17,341.4 1 0
github.com/mchineboy/ecr-cleanup/main.go:343.3,346.31 2 1
github.com/mchineboy/ecr-cleanup/main.go:346.31,347.44 1 1
github.com/mchineboy/ecr-cleanup/main.go:347.44,352.5 1 1
github.com/mchineboy/ecr-cleanup/main.go:356.2,356.12 1 1
github.com/mchineboy/ecr-cleanup/main.go:360.57,361.15 1 1
github.com/mchineboy/ecr-cleanup/main.go:361.15,363.3 1 1
github.com/mchineboy/ecr-cleanup/main.go:364.2,364.24 1 1
github.com/mchineboy/ecr-cleanup/main.go:364.24,366.3 1 1
github.com/mchineboy/ecr-cleanup/main.go:367.2,367.27 1 1
github.com/mchineboy/ecr-cleanup/main.go:367.27,369.3 1 1
github.com/mchineboy/ecr-cleanup/main.go:370.2,370.18 1 0
